{"level":"info","message":"1770639463861 Application starting..."}
{"level":"info","message":"1770639463873 Environment is development"}
{"level":"info","message":"timestamp===>>>:::1770639743734, Info:Reassessing logger"}
{"level":"info","message":"2026-02-09T12:25:32.486Z Application starting..."}
{"level":"info","message":"2026-02-09T12:25:32.492Z Environment is development"}
{"level":"info","message":"timestamp===>>>:::2026-02-09T12:26:09.991Z, Info:Reassessing logger"}
{"level":"info","message":"2026-02-09T15:58:14.813Z Application starting..."}
{"level":"info","message":"2026-02-09T15:58:14.825Z Environment is development"}
{"level":"info","message":"2026-02-09T16:12:22.478Z Application starting..."}
{"level":"info","message":"2026-02-09T16:12:22.485Z Environment is development"}
{"level":"info","message":"2026-02-09T16:13:03.744Z Application starting..."}
{"level":"info","message":"2026-02-09T16:13:03.753Z Environment is development"}
{"level":"info","message":"2026-02-09T16:14:20.071Z Application starting..."}
{"level":"info","message":"2026-02-09T16:14:20.078Z Environment is development"}
{"level":"info","message":"2026-02-10T07:59:04.999Z Application starting..."}
{"level":"info","message":"2026-02-10T07:59:05.004Z Environment is development"}
{"level":"info","message":"2026-02-10T08:03:43.937Z Application starting..."}
{"level":"info","message":"2026-02-10T08:03:43.944Z Environment is development"}
{"level":"info","message":"2026-02-10T08:06:57.881Z Application starting..."}
{"level":"info","message":"2026-02-10T08:06:57.887Z Environment is development"}
{"level":"info","message":"timestamp===>>>:::2026-02-10T08:07:09.701Z, Info:Reassessing logger"}
{"level":"warn","message":"timestamp===>>>:::2026-02-10T08:07:09.703Z, warning message"}
{"level":"info","message":"2026-02-10T11:13:32.460Z Application starting..."}
{"level":"info","message":"2026-02-10T11:13:32.467Z Environment is development"}
{"level":"info","message":"timestamp===>>>:::2026-02-10T11:17:00.986Z, Info:Reassessing logger"}
{"level":"warn","message":"timestamp===>>>:::2026-02-10T11:17:00.988Z, warning message"}
